Determining if the pthread_create exist failed with the following output:
Change Dir: /home/egor/Documents/C-plus-plus/boost-asio/asio_cmake/build/CMakeFiles/CMakeTmp

Run Build Command:"/usr/bin/make" "cmTC_6b727/fast"
/usr/bin/make -f CMakeFiles/cmTC_6b727.dir/build.make CMakeFiles/cmTC_6b727.dir/build
make[1]: вход в каталог «/home/egor/Documents/C-plus-plus/boost-asio/asio_cmake/build/CMakeFiles/CMakeTmp»
Building C object CMakeFiles/cmTC_6b727.dir/CheckSymbolExists.c.o
/usr/bin/cc    -o CMakeFiles/cmTC_6b727.dir/CheckSymbolExists.c.o   -c /home/egor/Documents/C-plus-plus/boost-asio/asio_cmake/build/CMakeFiles/CMakeTmp/CheckSymbolExists.c
Linking C executable cmTC_6b727
/usr/bin/cmake -E cmake_link_script CMakeFiles/cmTC_6b727.dir/link.txt --verbose=1
/usr/bin/cc      CMakeFiles/cmTC_6b727.dir/CheckSymbolExists.c.o  -o cmTC_6b727 
CMakeFiles/cmTC_6b727.dir/CheckSymbolExists.c.o: In function `main':
CheckSymbolExists.c:(.text+0x1b): undefined reference to `pthread_create'
collect2: error: ld returned 1 exit status
CMakeFiles/cmTC_6b727.dir/build.make:97: recipe for target 'cmTC_6b727' failed
make[1]: *** [cmTC_6b727] Error 1
make[1]: выход из каталога «/home/egor/Documents/C-plus-plus/boost-asio/asio_cmake/build/CMakeFiles/CMakeTmp»
Makefile:126: recipe for target 'cmTC_6b727/fast' failed
make: *** [cmTC_6b727/fast] Error 2

File /home/egor/Documents/C-plus-plus/boost-asio/asio_cmake/build/CMakeFiles/CMakeTmp/CheckSymbolExists.c:
/* */
#include <pthread.h>

int main(int argc, char** argv)
{
  (void)argv;
#ifndef pthread_create
  return ((int*)(&pthread_create))[argc];
#else
  (void)argc;
  return 0;
#endif
}

Determining if the function pthread_create exists in the pthreads failed with the following output:
Change Dir: /home/egor/Documents/C-plus-plus/boost-asio/asio_cmake/build/CMakeFiles/CMakeTmp

Run Build Command:"/usr/bin/make" "cmTC_5720c/fast"
/usr/bin/make -f CMakeFiles/cmTC_5720c.dir/build.make CMakeFiles/cmTC_5720c.dir/build
make[1]: вход в каталог «/home/egor/Documents/C-plus-plus/boost-asio/asio_cmake/build/CMakeFiles/CMakeTmp»
Building C object CMakeFiles/cmTC_5720c.dir/CheckFunctionExists.c.o
/usr/bin/cc   -DCHECK_FUNCTION_EXISTS=pthread_create   -o CMakeFiles/cmTC_5720c.dir/CheckFunctionExists.c.o   -c /usr/share/cmake-3.10/Modules/CheckFunctionExists.c
Linking C executable cmTC_5720c
/usr/bin/cmake -E cmake_link_script CMakeFiles/cmTC_5720c.dir/link.txt --verbose=1
/usr/bin/cc  -DCHECK_FUNCTION_EXISTS=pthread_create    CMakeFiles/cmTC_5720c.dir/CheckFunctionExists.c.o  -o cmTC_5720c -lpthreads 
/usr/bin/ld: cannot find -lpthreads
collect2: error: ld returned 1 exit status
CMakeFiles/cmTC_5720c.dir/build.make:97: recipe for target 'cmTC_5720c' failed
make[1]: *** [cmTC_5720c] Error 1
make[1]: выход из каталога «/home/egor/Documents/C-plus-plus/boost-asio/asio_cmake/build/CMakeFiles/CMakeTmp»
Makefile:126: recipe for target 'cmTC_5720c/fast' failed
make: *** [cmTC_5720c/fast] Error 2


